mode: set
github.com/npeprah/sparui/backend/service/game-server/entity/deck.go:20.22,29.31 3 1
github.com/npeprah/sparui/backend/service/game-server/entity/deck.go:29.31,31.3 1 1
github.com/npeprah/sparui/backend/service/game-server/entity/deck.go:34.2,34.31 1 1
github.com/npeprah/sparui/backend/service/game-server/entity/deck.go:34.31,36.3 1 1
github.com/npeprah/sparui/backend/service/game-server/entity/deck.go:39.2,39.31 1 1
github.com/npeprah/sparui/backend/service/game-server/entity/deck.go:39.31,41.3 1 1
github.com/npeprah/sparui/backend/service/game-server/entity/deck.go:44.2,45.37 2 1
github.com/npeprah/sparui/backend/service/game-server/entity/deck.go:45.37,47.3 1 1
github.com/npeprah/sparui/backend/service/game-server/entity/deck.go:49.2,49.13 1 1
github.com/npeprah/sparui/backend/service/game-server/entity/deck.go:54.26,56.29 2 1
github.com/npeprah/sparui/backend/service/game-server/entity/deck.go:56.29,59.3 2 1
github.com/npeprah/sparui/backend/service/game-server/entity/deck.go:68.55,70.38 1 1
github.com/npeprah/sparui/backend/service/game-server/entity/deck.go:70.38,72.3 1 1
github.com/npeprah/sparui/backend/service/game-server/entity/deck.go:74.2,78.37 3 1
github.com/npeprah/sparui/backend/service/game-server/entity/deck.go:78.37,80.3 1 1
github.com/npeprah/sparui/backend/service/game-server/entity/deck.go:83.2,86.58 3 1
github.com/npeprah/sparui/backend/service/game-server/entity/deck.go:86.58,89.57 2 1
github.com/npeprah/sparui/backend/service/game-server/entity/deck.go:89.57,92.4 2 1
github.com/npeprah/sparui/backend/service/game-server/entity/deck.go:96.2,98.19 2 1
github.com/npeprah/sparui/backend/service/game-server/entity/deck.go:107.33,110.22 2 1
github.com/npeprah/sparui/backend/service/game-server/entity/deck.go:110.22,112.3 1 1
github.com/npeprah/sparui/backend/service/game-server/entity/deck.go:115.2,118.31 3 1
github.com/npeprah/sparui/backend/service/game-server/entity/deck.go:118.31,120.22 1 1
github.com/npeprah/sparui/backend/service/game-server/entity/deck.go:120.22,122.12 2 1
github.com/npeprah/sparui/backend/service/game-server/entity/deck.go:126.3,126.47 1 1
github.com/npeprah/sparui/backend/service/game-server/entity/deck.go:126.47,128.4 1 0
github.com/npeprah/sparui/backend/service/game-server/entity/deck.go:131.3,132.19 2 1
github.com/npeprah/sparui/backend/service/game-server/entity/deck.go:132.19,134.4 1 1
github.com/npeprah/sparui/backend/service/game-server/entity/deck.go:135.3,135.22 1 1
github.com/npeprah/sparui/backend/service/game-server/entity/deck.go:138.2,138.27 1 1
github.com/npeprah/sparui/backend/service/game-server/entity/deck.go:138.27,140.3 1 1
github.com/npeprah/sparui/backend/service/game-server/entity/deck.go:143.2,159.41 3 1
github.com/npeprah/sparui/backend/service/game-server/entity/deck.go:159.41,161.20 2 1
github.com/npeprah/sparui/backend/service/game-server/entity/deck.go:161.20,163.4 1 0
github.com/npeprah/sparui/backend/service/game-server/entity/deck.go:166.2,166.27 1 1
github.com/npeprah/sparui/backend/service/game-server/entity/deck.go:166.27,168.3 1 0
github.com/npeprah/sparui/backend/service/game-server/entity/deck.go:170.2,170.12 1 1
github.com/npeprah/sparui/backend/service/game-server/entity/deck.go:174.37,176.2 1 1
github.com/npeprah/sparui/backend/service/game-server/entity/deck.go:179.31,181.2 1 1
github.com/npeprah/sparui/backend/service/game-server/entity/deck.go:184.32,186.2 1 0
github.com/npeprah/sparui/backend/service/game-server/entity/game.go:19.31,21.2 1 1
github.com/npeprah/sparui/backend/service/game-server/entity/game.go:24.30,25.11 1 1
github.com/npeprah/sparui/backend/service/game-server/entity/game.go:26.39,27.14 1 1
github.com/npeprah/sparui/backend/service/game-server/entity/game.go:29.2,29.14 1 1
github.com/npeprah/sparui/backend/service/game-server/entity/game.go:48.32,50.2 1 1
github.com/npeprah/sparui/backend/service/game-server/entity/game.go:53.31,54.11 1 1
github.com/npeprah/sparui/backend/service/game-server/entity/game.go:55.60,56.14 1 1
github.com/npeprah/sparui/backend/service/game-server/entity/game.go:58.2,58.14 1 1
github.com/npeprah/sparui/backend/service/game-server/entity/game.go:63.27,64.11 1 1
github.com/npeprah/sparui/backend/service/game-server/entity/game.go:65.11,66.11 1 1
github.com/npeprah/sparui/backend/service/game-server/entity/game.go:67.13,68.11 1 1
github.com/npeprah/sparui/backend/service/game-server/entity/game.go:69.13,70.11 1 1
github.com/npeprah/sparui/backend/service/game-server/entity/game.go:71.12,72.11 1 1
github.com/npeprah/sparui/backend/service/game-server/entity/game.go:73.11,74.12 1 1
github.com/npeprah/sparui/backend/service/game-server/entity/game.go:75.12,76.12 1 1
github.com/npeprah/sparui/backend/service/game-server/entity/game.go:77.13,78.12 1 1
github.com/npeprah/sparui/backend/service/game-server/entity/game.go:79.12,80.12 1 1
github.com/npeprah/sparui/backend/service/game-server/entity/game.go:81.11,82.12 1 1
github.com/npeprah/sparui/backend/service/game-server/entity/game.go:83.10,84.11 1 1
github.com/npeprah/sparui/backend/service/game-server/entity/game.go:95.32,97.2 1 1
github.com/npeprah/sparui/backend/service/game-server/entity/game.go:100.31,102.2 1 1
github.com/npeprah/sparui/backend/service/game-server/entity/game.go:105.41,106.18 1 1
github.com/npeprah/sparui/backend/service/game-server/entity/game.go:106.18,108.3 1 1
github.com/npeprah/sparui/backend/service/game-server/entity/game.go:109.2,109.55 1 1
github.com/npeprah/sparui/backend/service/game-server/entity/game.go:113.49,114.18 1 1
github.com/npeprah/sparui/backend/service/game-server/entity/game.go:114.18,116.3 1 1
github.com/npeprah/sparui/backend/service/game-server/entity/game.go:118.2,118.26 1 1
github.com/npeprah/sparui/backend/service/game-server/entity/game.go:118.26,120.3 1 1
github.com/npeprah/sparui/backend/service/game-server/entity/game.go:121.2,121.44 1 1
github.com/npeprah/sparui/backend/service/game-server/entity/game.go:125.33,127.2 1 1
github.com/npeprah/sparui/backend/service/game-server/entity/game.go:145.38,146.25 1 1
github.com/npeprah/sparui/backend/service/game-server/entity/game.go:146.25,148.27 1 1
github.com/npeprah/sparui/backend/service/game-server/entity/game.go:148.27,150.4 1 1
github.com/npeprah/sparui/backend/service/game-server/entity/game.go:151.3,151.29 1 1
github.com/npeprah/sparui/backend/service/game-server/entity/game.go:151.29,153.4 1 1
github.com/npeprah/sparui/backend/service/game-server/entity/game.go:154.8,154.33 1 1
github.com/npeprah/sparui/backend/service/game-server/entity/game.go:154.33,156.27 1 1
github.com/npeprah/sparui/backend/service/game-server/entity/game.go:156.27,158.4 1 1
github.com/npeprah/sparui/backend/service/game-server/entity/game.go:159.3,159.29 1 1
github.com/npeprah/sparui/backend/service/game-server/entity/game.go:159.29,161.4 1 1
github.com/npeprah/sparui/backend/service/game-server/entity/game.go:163.2,163.10 1 1
github.com/npeprah/sparui/backend/service/game-server/entity/game.go:198.44,199.31 1 1
github.com/npeprah/sparui/backend/service/game-server/entity/game.go:199.31,200.23 1 1
github.com/npeprah/sparui/backend/service/game-server/entity/game.go:200.23,202.4 1 1
github.com/npeprah/sparui/backend/service/game-server/entity/game.go:204.2,204.14 1 1
github.com/npeprah/sparui/backend/service/game-server/entity/game.go:208.48,209.17 1 1
github.com/npeprah/sparui/backend/service/game-server/entity/game.go:209.17,211.3 1 1
github.com/npeprah/sparui/backend/service/game-server/entity/game.go:212.2,212.28 1 1
github.com/npeprah/sparui/backend/service/game-server/entity/game.go:212.28,213.21 1 1
github.com/npeprah/sparui/backend/service/game-server/entity/game.go:213.21,215.4 1 1
github.com/npeprah/sparui/backend/service/game-server/entity/game.go:217.2,217.14 1 1
github.com/npeprah/sparui/backend/service/game-server/entity/game.go:221.47,222.31 1 1
github.com/npeprah/sparui/backend/service/game-server/entity/game.go:222.31,223.24 1 1
github.com/npeprah/sparui/backend/service/game-server/entity/game.go:223.24,225.4 1 1
github.com/npeprah/sparui/backend/service/game-server/entity/game.go:227.2,227.14 1 1
github.com/npeprah/sparui/backend/service/game-server/entity/game.go:231.51,232.17 1 1
github.com/npeprah/sparui/backend/service/game-server/entity/game.go:232.17,234.3 1 1
github.com/npeprah/sparui/backend/service/game-server/entity/game.go:235.2,235.28 1 1
github.com/npeprah/sparui/backend/service/game-server/entity/game.go:235.28,236.21 1 1
github.com/npeprah/sparui/backend/service/game-server/entity/game.go:236.21,239.4 2 1
github.com/npeprah/sparui/backend/service/game-server/entity/game.go:241.2,241.14 1 1
github.com/npeprah/sparui/backend/service/game-server/entity/game.go:245.39,247.2 1 1
github.com/npeprah/sparui/backend/service/game-server/entity/game.go:300.61,301.28 1 1
github.com/npeprah/sparui/backend/service/game-server/entity/game.go:301.28,302.35 1 1
github.com/npeprah/sparui/backend/service/game-server/entity/game.go:302.35,304.4 1 1
github.com/npeprah/sparui/backend/service/game-server/entity/game.go:306.2,306.12 1 1
github.com/npeprah/sparui/backend/service/game-server/entity/game.go:310.46,312.2 1 1
github.com/npeprah/sparui/backend/service/game-server/entity/game.go:315.53,317.2 1 1
github.com/npeprah/sparui/backend/service/game-server/entity/game.go:320.46,321.44 1 1
github.com/npeprah/sparui/backend/service/game-server/entity/game.go:321.44,323.3 1 1
github.com/npeprah/sparui/backend/service/game-server/entity/game.go:325.2,325.36 1 1
github.com/npeprah/sparui/backend/service/game-server/entity/game.go:325.36,326.28 1 1
github.com/npeprah/sparui/backend/service/game-server/entity/game.go:326.28,328.4 1 0
github.com/npeprah/sparui/backend/service/game-server/entity/game.go:330.2,330.13 1 1
github.com/npeprah/sparui/backend/service/game-server/entity/game.go:334.65,335.32 1 1
github.com/npeprah/sparui/backend/service/game-server/entity/game.go:335.32,336.45 1 1
github.com/npeprah/sparui/backend/service/game-server/entity/game.go:336.45,338.4 1 1
github.com/npeprah/sparui/backend/service/game-server/entity/game.go:340.2,340.12 1 1
github.com/npeprah/sparui/backend/service/game-server/entity/game.go:344.45,346.2 1 1
github.com/npeprah/sparui/backend/service/game-server/entity/game.go:349.44,351.2 1 1
github.com/npeprah/sparui/backend/service/game-server/entity/game.go:355.50,356.26 1 1
github.com/npeprah/sparui/backend/service/game-server/entity/game.go:356.26,358.3 1 0
github.com/npeprah/sparui/backend/service/game-server/entity/game.go:361.2,361.30 1 1
github.com/npeprah/sparui/backend/service/game-server/entity/game.go:361.30,363.3 1 1
github.com/npeprah/sparui/backend/service/game-server/entity/game.go:366.2,366.27 1 1
github.com/npeprah/sparui/backend/service/game-server/entity/game.go:366.27,368.3 1 1
github.com/npeprah/sparui/backend/service/game-server/entity/game.go:371.2,372.31 2 1
github.com/npeprah/sparui/backend/service/game-server/entity/game.go:372.31,373.26 1 1
github.com/npeprah/sparui/backend/service/game-server/entity/game.go:373.26,375.9 2 1
github.com/npeprah/sparui/backend/service/game-server/entity/game.go:379.2,379.23 1 1
github.com/npeprah/sparui/backend/service/game-server/entity/game.go:379.23,381.3 1 0
github.com/npeprah/sparui/backend/service/game-server/entity/game.go:384.2,384.40 1 1
github.com/npeprah/sparui/backend/service/game-server/entity/game.go:384.40,387.28 3 1
github.com/npeprah/sparui/backend/service/game-server/entity/game.go:387.28,389.4 1 1
github.com/npeprah/sparui/backend/service/game-server/entity/game.go:392.2,392.12 1 0
github.com/npeprah/sparui/backend/service/game-server/entity/game.go:396.43,398.2 1 1
github.com/npeprah/sparui/backend/service/game-server/entity/game.go:401.53,402.26 1 1
github.com/npeprah/sparui/backend/service/game-server/entity/game.go:402.26,404.3 1 1
github.com/npeprah/sparui/backend/service/game-server/entity/game.go:406.2,407.39 2 1
github.com/npeprah/sparui/backend/service/game-server/entity/game.go:407.39,408.41 1 1
github.com/npeprah/sparui/backend/service/game-server/entity/game.go:408.41,410.4 1 1
github.com/npeprah/sparui/backend/service/game-server/entity/game.go:412.2,412.15 1 1
github.com/npeprah/sparui/backend/service/game-server/entity/game.go:416.35,423.28 5 1
github.com/npeprah/sparui/backend/service/game-server/entity/game.go:423.28,426.3 2 1
github.com/npeprah/sparui/backend/service/game-server/entity/game.go:428.2,428.27 1 1
github.com/npeprah/sparui/backend/service/game-server/entity/room.go:75.41,81.2 1 0
github.com/npeprah/sparui/backend/service/game-server/entity/room.go:84.45,86.2 1 0
github.com/npeprah/sparui/backend/service/game-server/entity/room.go:89.30,91.2 1 0
github.com/npeprah/sparui/backend/service/game-server/entity/room.go:94.31,96.2 1 0
github.com/npeprah/sparui/backend/service/game-server/entity/room.go:99.51,100.27 1 0
github.com/npeprah/sparui/backend/service/game-server/entity/room.go:100.27,101.34 1 0
github.com/npeprah/sparui/backend/service/game-server/entity/room.go:101.34,103.4 1 0
github.com/npeprah/sparui/backend/service/game-server/entity/room.go:105.2,105.12 1 0
github.com/npeprah/sparui/backend/service/game-server/entity/room.go:109.48,111.2 1 0
github.com/npeprah/sparui/backend/service/game-server/entity/room.go:114.51,115.35 1 0
github.com/npeprah/sparui/backend/service/game-server/entity/room.go:115.35,116.28 1 0
github.com/npeprah/sparui/backend/service/game-server/entity/room.go:116.28,119.4 2 0
github.com/npeprah/sparui/backend/service/game-server/entity/room.go:121.2,121.14 1 0
github.com/npeprah/sparui/backend/service/game-server/entity/room.go:125.31,127.2 1 0
github.com/npeprah/sparui/backend/service/game-server/entity/room.go:130.34,132.2 1 0
