mode: set
github.com/npeprah/sparui/backend/service/game-server/controller/matchmaking/queue_manager.go:31.63,33.2 1 1
github.com/npeprah/sparui/backend/service/game-server/controller/matchmaking/queue_manager.go:36.106,43.2 1 1
github.com/npeprah/sparui/backend/service/game-server/controller/matchmaking/queue_manager.go:46.90,47.20 1 1
github.com/npeprah/sparui/backend/service/game-server/controller/matchmaking/queue_manager.go:47.20,49.3 1 1
github.com/npeprah/sparui/backend/service/game-server/controller/matchmaking/queue_manager.go:50.2,50.20 1 1
github.com/npeprah/sparui/backend/service/game-server/controller/matchmaking/queue_manager.go:50.20,52.3 1 1
github.com/npeprah/sparui/backend/service/game-server/controller/matchmaking/queue_manager.go:54.2,57.34 2 1
github.com/npeprah/sparui/backend/service/game-server/controller/matchmaking/queue_manager.go:57.34,58.33 1 1
github.com/npeprah/sparui/backend/service/game-server/controller/matchmaking/queue_manager.go:58.33,61.4 2 1
github.com/npeprah/sparui/backend/service/game-server/controller/matchmaking/queue_manager.go:65.2,89.17 8 1
github.com/npeprah/sparui/backend/service/game-server/controller/matchmaking/queue_manager.go:89.17,91.3 1 1
github.com/npeprah/sparui/backend/service/game-server/controller/matchmaking/queue_manager.go:93.2,93.12 1 1
github.com/npeprah/sparui/backend/service/game-server/controller/matchmaking/queue_manager.go:97.58,102.34 3 1
github.com/npeprah/sparui/backend/service/game-server/controller/matchmaking/queue_manager.go:102.34,103.33 1 1
github.com/npeprah/sparui/backend/service/game-server/controller/matchmaking/queue_manager.go:103.33,112.9 4 1
github.com/npeprah/sparui/backend/service/game-server/controller/matchmaking/queue_manager.go:116.2,118.25 2 1
github.com/npeprah/sparui/backend/service/game-server/controller/matchmaking/queue_manager.go:118.25,120.3 1 1
github.com/npeprah/sparui/backend/service/game-server/controller/matchmaking/queue_manager.go:123.2,123.36 1 1
github.com/npeprah/sparui/backend/service/game-server/controller/matchmaking/queue_manager.go:123.36,125.3 1 1
github.com/npeprah/sparui/backend/service/game-server/controller/matchmaking/queue_manager.go:127.2,127.12 1 1
github.com/npeprah/sparui/backend/service/game-server/controller/matchmaking/queue_manager.go:131.71,135.34 3 1
github.com/npeprah/sparui/backend/service/game-server/controller/matchmaking/queue_manager.go:135.34,136.33 1 1
github.com/npeprah/sparui/backend/service/game-server/controller/matchmaking/queue_manager.go:136.33,138.4 1 1
github.com/npeprah/sparui/backend/service/game-server/controller/matchmaking/queue_manager.go:141.2,141.61 1 1
github.com/npeprah/sparui/backend/service/game-server/controller/matchmaking/queue_manager.go:146.75,158.20 4 1
github.com/npeprah/sparui/backend/service/game-server/controller/matchmaking/queue_manager.go:158.20,159.35 1 1
github.com/npeprah/sparui/backend/service/game-server/controller/matchmaking/queue_manager.go:159.35,160.34 1 1
github.com/npeprah/sparui/backend/service/game-server/controller/matchmaking/queue_manager.go:160.34,162.10 2 1
github.com/npeprah/sparui/backend/service/game-server/controller/matchmaking/queue_manager.go:167.2,167.15 1 1
github.com/npeprah/sparui/backend/service/game-server/controller/matchmaking/queue_manager.go:172.83,179.6 4 1
github.com/npeprah/sparui/backend/service/game-server/controller/matchmaking/queue_manager.go:179.6,181.19 2 1
github.com/npeprah/sparui/backend/service/game-server/controller/matchmaking/queue_manager.go:181.19,182.9 1 1
github.com/npeprah/sparui/backend/service/game-server/controller/matchmaking/queue_manager.go:184.3,184.35 1 1
github.com/npeprah/sparui/backend/service/game-server/controller/matchmaking/queue_manager.go:187.2,187.16 1 1
github.com/npeprah/sparui/backend/service/game-server/controller/matchmaking/queue_manager.go:192.80,193.25 1 1
github.com/npeprah/sparui/backend/service/game-server/controller/matchmaking/queue_manager.go:193.25,195.3 1 1
github.com/npeprah/sparui/backend/service/game-server/controller/matchmaking/queue_manager.go:198.2,198.49 1 1
github.com/npeprah/sparui/backend/service/game-server/controller/matchmaking/queue_manager.go:198.49,200.3 1 1
github.com/npeprah/sparui/backend/service/game-server/controller/matchmaking/queue_manager.go:204.2,204.43 1 1
github.com/npeprah/sparui/backend/service/game-server/controller/matchmaking/queue_manager.go:204.43,208.44 3 1
github.com/npeprah/sparui/backend/service/game-server/controller/matchmaking/queue_manager.go:208.44,211.40 2 1
github.com/npeprah/sparui/backend/service/game-server/controller/matchmaking/queue_manager.go:211.40,213.5 1 0
github.com/npeprah/sparui/backend/service/game-server/controller/matchmaking/queue_manager.go:214.4,214.52 1 1
github.com/npeprah/sparui/backend/service/game-server/controller/matchmaking/queue_manager.go:218.2,218.12 1 1
github.com/npeprah/sparui/backend/service/game-server/controller/matchmaking/queue_manager.go:223.104,224.33 1 1
github.com/npeprah/sparui/backend/service/game-server/controller/matchmaking/queue_manager.go:224.33,226.3 1 0
github.com/npeprah/sparui/backend/service/game-server/controller/matchmaking/queue_manager.go:229.2,234.16 4 1
github.com/npeprah/sparui/backend/service/game-server/controller/matchmaking/queue_manager.go:234.16,239.3 3 0
github.com/npeprah/sparui/backend/service/game-server/controller/matchmaking/queue_manager.go:242.2,253.14 4 1
github.com/npeprah/sparui/backend/service/game-server/controller/matchmaking/queue_manager.go:257.115,258.23 1 1
github.com/npeprah/sparui/backend/service/game-server/controller/matchmaking/queue_manager.go:258.23,260.3 1 0
github.com/npeprah/sparui/backend/service/game-server/controller/matchmaking/queue_manager.go:263.2,275.16 4 1
github.com/npeprah/sparui/backend/service/game-server/controller/matchmaking/queue_manager.go:275.16,277.3 1 0
github.com/npeprah/sparui/backend/service/game-server/controller/matchmaking/queue_manager.go:280.2,280.36 1 1
github.com/npeprah/sparui/backend/service/game-server/controller/matchmaking/queue_manager.go:280.36,294.17 4 1
github.com/npeprah/sparui/backend/service/game-server/controller/matchmaking/queue_manager.go:294.17,300.4 1 0
github.com/npeprah/sparui/backend/service/game-server/controller/matchmaking/queue_manager.go:304.2,305.32 2 1
github.com/npeprah/sparui/backend/service/game-server/controller/matchmaking/queue_manager.go:305.32,307.3 1 1
github.com/npeprah/sparui/backend/service/game-server/controller/matchmaking/queue_manager.go:309.2,317.19 2 1
github.com/npeprah/sparui/backend/service/game-server/controller/matchmaking/queue_manager.go:322.76,330.34 6 1
github.com/npeprah/sparui/backend/service/game-server/controller/matchmaking/queue_manager.go:330.34,331.33 1 1
github.com/npeprah/sparui/backend/service/game-server/controller/matchmaking/queue_manager.go:331.33,334.31 2 1
github.com/npeprah/sparui/backend/service/game-server/controller/matchmaking/queue_manager.go:334.31,336.5 1 1
github.com/npeprah/sparui/backend/service/game-server/controller/matchmaking/queue_manager.go:337.4,339.41 1 1
github.com/npeprah/sparui/backend/service/game-server/controller/matchmaking/queue_manager.go:340.9,342.4 1 0
github.com/npeprah/sparui/backend/service/game-server/controller/matchmaking/queue_manager.go:345.2,347.16 2 1
github.com/npeprah/sparui/backend/service/game-server/controller/matchmaking/queue_manager.go:351.64,354.2 2 1
github.com/npeprah/sparui/backend/service/game-server/controller/matchmaking/queue_manager.go:357.51,368.6 4 0
github.com/npeprah/sparui/backend/service/game-server/controller/matchmaking/queue_manager.go:368.6,369.10 1 0
github.com/npeprah/sparui/backend/service/game-server/controller/matchmaking/queue_manager.go:370.19,373.24 2 0
github.com/npeprah/sparui/backend/service/game-server/controller/matchmaking/queue_manager.go:373.24,375.5 1 0
github.com/npeprah/sparui/backend/service/game-server/controller/matchmaking/queue_manager.go:378.4,379.24 2 0
github.com/npeprah/sparui/backend/service/game-server/controller/matchmaking/queue_manager.go:379.24,381.5 1 0
github.com/npeprah/sparui/backend/service/game-server/controller/matchmaking/queue_manager.go:384.4,384.28 1 0
github.com/npeprah/sparui/backend/service/game-server/controller/matchmaking/queue_manager.go:386.21,388.10 2 0
github.com/npeprah/sparui/backend/service/game-server/controller/matchmaking/queue_manager.go:394.47,398.34 3 0
github.com/npeprah/sparui/backend/service/game-server/controller/matchmaking/queue_manager.go:398.34,399.30 1 0
github.com/npeprah/sparui/backend/service/game-server/controller/matchmaking/queue_manager.go:399.30,400.12 1 0
github.com/npeprah/sparui/backend/service/game-server/controller/matchmaking/queue_manager.go:403.3,411.9 3 0
github.com/npeprah/sparui/backend/service/game-server/controller/matchmaking/queue_manager.go:411.9,416.18 2 0
github.com/npeprah/sparui/backend/service/game-server/controller/matchmaking/queue_manager.go:416.18,420.5 1 0
github.com/npeprah/sparui/backend/service/game-server/controller/matchmaking/queue_manager.go:427.57,428.25 1 1
github.com/npeprah/sparui/backend/service/game-server/controller/matchmaking/queue_manager.go:428.25,430.3 1 1
github.com/npeprah/sparui/backend/service/game-server/controller/matchmaking/queue_manager.go:434.2,435.26 2 1
github.com/npeprah/sparui/backend/service/game-server/controller/matchmaking/queue_manager.go:439.64,440.34 1 0
github.com/npeprah/sparui/backend/service/game-server/controller/matchmaking/queue_manager.go:440.34,441.33 1 0
github.com/npeprah/sparui/backend/service/game-server/controller/matchmaking/queue_manager.go:441.33,443.4 1 0
github.com/npeprah/sparui/backend/service/game-server/controller/matchmaking/queue_manager.go:445.2,445.10 1 0
github.com/npeprah/sparui/backend/service/game-server/controller/matchmaking/queue_manager.go:450.71,452.9 2 0
github.com/npeprah/sparui/backend/service/game-server/controller/matchmaking/queue_manager.go:452.9,454.3 1 0
github.com/npeprah/sparui/backend/service/game-server/controller/matchmaking/queue_manager.go:456.2,467.16 3 0
github.com/npeprah/sparui/backend/service/game-server/controller/matchmaking/queue_manager.go:467.16,469.3 1 0
github.com/npeprah/sparui/backend/service/game-server/controller/matchmaking/queue_manager.go:472.111,474.9 2 1
github.com/npeprah/sparui/backend/service/game-server/controller/matchmaking/queue_manager.go:474.9,476.3 1 0
github.com/npeprah/sparui/backend/service/game-server/controller/matchmaking/queue_manager.go:479.2,491.16 3 1
github.com/npeprah/sparui/backend/service/game-server/controller/matchmaking/queue_manager.go:491.16,493.3 1 0
github.com/npeprah/sparui/backend/service/game-server/controller/matchmaking/queue_manager.go:496.72,498.9 2 1
github.com/npeprah/sparui/backend/service/game-server/controller/matchmaking/queue_manager.go:498.9,500.3 1 0
github.com/npeprah/sparui/backend/service/game-server/controller/matchmaking/queue_manager.go:502.2,509.16 2 1
github.com/npeprah/sparui/backend/service/game-server/controller/matchmaking/queue_manager.go:509.16,511.3 1 0
github.com/npeprah/sparui/backend/service/game-server/controller/matchmaking/queue_manager.go:514.74,516.9 2 1
github.com/npeprah/sparui/backend/service/game-server/controller/matchmaking/queue_manager.go:516.9,518.3 1 0
github.com/npeprah/sparui/backend/service/game-server/controller/matchmaking/queue_manager.go:520.2,528.16 2 1
github.com/npeprah/sparui/backend/service/game-server/controller/matchmaking/queue_manager.go:528.16,530.3 1 0
github.com/npeprah/sparui/backend/service/game-server/controller/matchmaking/queue_manager.go:533.102,534.32 1 1
github.com/npeprah/sparui/backend/service/game-server/controller/matchmaking/queue_manager.go:534.32,536.10 2 1
github.com/npeprah/sparui/backend/service/game-server/controller/matchmaking/queue_manager.go:536.10,537.12 1 0
github.com/npeprah/sparui/backend/service/game-server/controller/matchmaking/queue_manager.go:540.3,550.17 2 1
github.com/npeprah/sparui/backend/service/game-server/controller/matchmaking/queue_manager.go:550.17,555.4 1 0
github.com/npeprah/sparui/backend/service/game-server/controller/matchmaking/queue_manager.go:561.31,566.24 4 1
github.com/npeprah/sparui/backend/service/game-server/controller/matchmaking/queue_manager.go:566.24,568.17 2 1
github.com/npeprah/sparui/backend/service/game-server/controller/matchmaking/queue_manager.go:568.17,571.4 1 0
github.com/npeprah/sparui/backend/service/game-server/controller/matchmaking/queue_manager.go:572.3,572.31 1 1
github.com/npeprah/sparui/backend/service/game-server/controller/matchmaking/queue_manager.go:575.2,575.23 1 1
