mode: set
github.com/npeprah/sparui/backend/service/game-server/controller/game/game.go:69.26,86.2 9 0
github.com/npeprah/sparui/backend/service/game-server/controller/game/game.go:89.63,91.61 2 0
github.com/npeprah/sparui/backend/service/game-server/controller/game/game.go:91.61,94.3 2 0
github.com/npeprah/sparui/backend/service/game-server/controller/game/game.go:101.2,114.33 4 0
github.com/npeprah/sparui/backend/service/game-server/controller/game/game.go:118.60,137.2 4 0
github.com/npeprah/sparui/backend/service/game-server/controller/game/game.go:140.61,144.61 3 0
github.com/npeprah/sparui/backend/service/game-server/controller/game/game.go:144.61,147.3 2 0
github.com/npeprah/sparui/backend/service/game-server/controller/game/game.go:154.2,168.33 3 0
github.com/npeprah/sparui/backend/service/game-server/controller/game/game.go:172.62,182.2 3 0
github.com/npeprah/sparui/backend/service/game-server/controller/game/game.go:185.62,198.2 3 0
github.com/npeprah/sparui/backend/service/game-server/controller/game/game.go:201.65,220.2 4 0
github.com/npeprah/sparui/backend/service/game-server/controller/game/game.go:223.67,240.2 4 0
github.com/npeprah/sparui/backend/service/game-server/controller/game/game_engine.go:21.26,25.2 1 1
github.com/npeprah/sparui/backend/service/game-server/controller/game/game_engine.go:28.56,32.2 3 1
github.com/npeprah/sparui/backend/service/game-server/controller/game/game_engine.go:35.51,39.2 3 1
github.com/npeprah/sparui/backend/service/game-server/controller/game/game_engine.go:43.98,47.20 3 1
github.com/npeprah/sparui/backend/service/game-server/controller/game/game_engine.go:47.20,49.3 1 1
github.com/npeprah/sparui/backend/service/game-server/controller/game/game_engine.go:52.2,52.17 1 1
github.com/npeprah/sparui/backend/service/game-server/controller/game/game_engine.go:52.17,54.3 1 1
github.com/npeprah/sparui/backend/service/game-server/controller/game/game_engine.go:57.2,57.21 1 1
github.com/npeprah/sparui/backend/service/game-server/controller/game/game_engine.go:57.21,59.3 1 0
github.com/npeprah/sparui/backend/service/game-server/controller/game/game_engine.go:62.2,62.42 1 1
github.com/npeprah/sparui/backend/service/game-server/controller/game/game_engine.go:62.42,64.3 1 1
github.com/npeprah/sparui/backend/service/game-server/controller/game/game_engine.go:67.2,68.19 2 1
github.com/npeprah/sparui/backend/service/game-server/controller/game/game_engine.go:68.19,70.3 1 1
github.com/npeprah/sparui/backend/service/game-server/controller/game/game_engine.go:73.2,73.62 1 1
github.com/npeprah/sparui/backend/service/game-server/controller/game/game_engine.go:73.62,75.3 1 1
github.com/npeprah/sparui/backend/service/game-server/controller/game/game_engine.go:78.2,78.26 1 1
github.com/npeprah/sparui/backend/service/game-server/controller/game/game_engine.go:78.26,80.3 1 1
github.com/npeprah/sparui/backend/service/game-server/controller/game/game_engine.go:83.2,83.27 1 1
github.com/npeprah/sparui/backend/service/game-server/controller/game/game_engine.go:83.27,85.3 1 1
github.com/npeprah/sparui/backend/service/game-server/controller/game/game_engine.go:88.2,88.50 1 1
github.com/npeprah/sparui/backend/service/game-server/controller/game/game_engine.go:88.50,90.3 1 1
github.com/npeprah/sparui/backend/service/game-server/controller/game/game_engine.go:92.2,92.12 1 1
github.com/npeprah/sparui/backend/service/game-server/controller/game/game_engine.go:99.110,103.35 3 1
github.com/npeprah/sparui/backend/service/game-server/controller/game/game_engine.go:103.35,105.3 1 1
github.com/npeprah/sparui/backend/service/game-server/controller/game/game_engine.go:108.2,108.28 1 1
github.com/npeprah/sparui/backend/service/game-server/controller/game/game_engine.go:108.28,110.3 1 1
github.com/npeprah/sparui/backend/service/game-server/controller/game/game_engine.go:112.2,114.19 3 1
github.com/npeprah/sparui/backend/service/game-server/controller/game/game_engine.go:114.19,116.3 1 1
github.com/npeprah/sparui/backend/service/game-server/controller/game/game_engine.go:119.2,119.26 1 1
github.com/npeprah/sparui/backend/service/game-server/controller/game/game_engine.go:119.26,121.3 1 1
github.com/npeprah/sparui/backend/service/game-server/controller/game/game_engine.go:124.2,124.30 1 1
github.com/npeprah/sparui/backend/service/game-server/controller/game/game_engine.go:124.30,126.3 1 1
github.com/npeprah/sparui/backend/service/game-server/controller/game/game_engine.go:130.2,137.19 2 1
github.com/npeprah/sparui/backend/service/game-server/controller/game/game_engine.go:141.80,146.2 3 1
github.com/npeprah/sparui/backend/service/game-server/controller/game/game_engine.go:149.67,150.20 1 1
github.com/npeprah/sparui/backend/service/game-server/controller/game/game_engine.go:150.20,152.3 1 1
github.com/npeprah/sparui/backend/service/game-server/controller/game/game_engine.go:153.2,153.37 1 1
github.com/npeprah/sparui/backend/service/game-server/controller/game/game_engine.go:153.37,155.3 1 1
github.com/npeprah/sparui/backend/service/game-server/controller/game/game_engine.go:156.2,156.12 1 1
github.com/npeprah/sparui/backend/service/game-server/controller/game/game_engine.go:160.48,164.25 3 1
github.com/npeprah/sparui/backend/service/game-server/controller/game/game_engine.go:164.25,166.3 1 1
github.com/npeprah/sparui/backend/service/game-server/controller/game/game_engine.go:168.2,168.12 1 1
github.com/npeprah/sparui/backend/service/game-server/controller/game/game_engine.go:173.90,177.20 3 1
github.com/npeprah/sparui/backend/service/game-server/controller/game/game_engine.go:177.20,179.3 1 1
github.com/npeprah/sparui/backend/service/game-server/controller/game/game_engine.go:182.2,182.17 1 1
github.com/npeprah/sparui/backend/service/game-server/controller/game/game_engine.go:182.17,184.3 1 0
github.com/npeprah/sparui/backend/service/game-server/controller/game/game_engine.go:186.2,186.21 1 1
github.com/npeprah/sparui/backend/service/game-server/controller/game/game_engine.go:186.21,188.3 1 1
github.com/npeprah/sparui/backend/service/game-server/controller/game/game_engine.go:190.2,190.42 1 1
github.com/npeprah/sparui/backend/service/game-server/controller/game/game_engine.go:190.42,192.3 1 0
github.com/npeprah/sparui/backend/service/game-server/controller/game/game_engine.go:194.2,195.19 2 1
github.com/npeprah/sparui/backend/service/game-server/controller/game/game_engine.go:195.19,197.3 1 0
github.com/npeprah/sparui/backend/service/game-server/controller/game/game_engine.go:199.2,199.62 1 1
github.com/npeprah/sparui/backend/service/game-server/controller/game/game_engine.go:199.62,201.3 1 1
github.com/npeprah/sparui/backend/service/game-server/controller/game/game_engine.go:203.2,203.26 1 1
github.com/npeprah/sparui/backend/service/game-server/controller/game/game_engine.go:203.26,205.3 1 0
github.com/npeprah/sparui/backend/service/game-server/controller/game/game_engine.go:207.2,207.27 1 1
github.com/npeprah/sparui/backend/service/game-server/controller/game/game_engine.go:207.27,209.3 1 0
github.com/npeprah/sparui/backend/service/game-server/controller/game/game_engine.go:211.2,211.50 1 1
github.com/npeprah/sparui/backend/service/game-server/controller/game/game_engine.go:211.50,213.3 1 0
github.com/npeprah/sparui/backend/service/game-server/controller/game/game_engine.go:217.2,217.28 1 1
github.com/npeprah/sparui/backend/service/game-server/controller/game/game_engine.go:217.28,220.3 2 1
github.com/npeprah/sparui/backend/service/game-server/controller/game/game_engine.go:223.2,223.30 1 1
github.com/npeprah/sparui/backend/service/game-server/controller/game/game_engine.go:223.30,225.3 1 0
github.com/npeprah/sparui/backend/service/game-server/controller/game/game_engine.go:228.2,255.12 9 1
github.com/npeprah/sparui/backend/service/game-server/controller/game/game_engine.go:259.51,264.2 3 1
github.com/npeprah/sparui/backend/service/game-server/controller/game/game_engine.go:267.40,268.20 1 1
github.com/npeprah/sparui/backend/service/game-server/controller/game/game_engine.go:268.20,270.3 1 1
github.com/npeprah/sparui/backend/service/game-server/controller/game/game_engine.go:273.2,274.23 2 1
github.com/npeprah/sparui/backend/service/game-server/controller/game/game_engine.go:274.23,278.3 2 1
github.com/npeprah/sparui/backend/service/game-server/controller/game/game_engine.go:281.2,287.25 3 1
github.com/npeprah/sparui/backend/service/game-server/controller/game/game_engine.go:287.25,289.3 1 0
github.com/npeprah/sparui/backend/service/game-server/controller/game/game_engine.go:289.8,289.42 1 1
github.com/npeprah/sparui/backend/service/game-server/controller/game/game_engine.go:289.42,291.3 1 1
github.com/npeprah/sparui/backend/service/game-server/controller/game/game_engine.go:291.8,293.3 1 1
github.com/npeprah/sparui/backend/service/game-server/controller/game/game_engine.go:295.2,299.3 1 1
github.com/npeprah/sparui/backend/service/game-server/controller/game/game_engine.go:303.95,307.20 3 1
github.com/npeprah/sparui/backend/service/game-server/controller/game/game_engine.go:307.20,309.3 1 1
github.com/npeprah/sparui/backend/service/game-server/controller/game/game_engine.go:311.2,311.36 1 1
github.com/npeprah/sparui/backend/service/game-server/controller/game/game_engine.go:311.36,313.3 1 1
github.com/npeprah/sparui/backend/service/game-server/controller/game/game_engine.go:315.2,315.12 1 1
github.com/npeprah/sparui/backend/service/game-server/controller/game/game_engine.go:319.41,323.20 3 1
github.com/npeprah/sparui/backend/service/game-server/controller/game/game_engine.go:323.20,325.3 1 1
github.com/npeprah/sparui/backend/service/game-server/controller/game/game_engine.go:327.2,327.35 1 1
github.com/npeprah/sparui/backend/service/game-server/controller/game/game_engine.go:331.42,335.20 3 1
github.com/npeprah/sparui/backend/service/game-server/controller/game/game_engine.go:335.20,337.3 1 1
github.com/npeprah/sparui/backend/service/game-server/controller/game/game_engine.go:339.2,339.28 1 1
github.com/npeprah/sparui/backend/service/game-server/controller/game/game_engine.go:343.44,347.20 3 1
github.com/npeprah/sparui/backend/service/game-server/controller/game/game_engine.go:347.20,349.3 1 1
github.com/npeprah/sparui/backend/service/game-server/controller/game/game_engine.go:351.2,351.24 1 1
github.com/npeprah/sparui/backend/service/game-server/controller/game/game_engine.go:355.55,359.20 3 1
github.com/npeprah/sparui/backend/service/game-server/controller/game/game_engine.go:359.20,361.3 1 1
github.com/npeprah/sparui/backend/service/game-server/controller/game/game_engine.go:364.2,366.14 3 1
github.com/npeprah/sparui/backend/service/game-server/controller/game/game_engine.go:371.80,381.2 4 1
github.com/npeprah/sparui/backend/service/game-server/controller/game/game_engine.go:387.76,391.20 3 1
github.com/npeprah/sparui/backend/service/game-server/controller/game/game_engine.go:391.20,393.3 1 1
github.com/npeprah/sparui/backend/service/game-server/controller/game/game_engine.go:396.2,396.33 1 1
github.com/npeprah/sparui/backend/service/game-server/controller/game/game_engine.go:396.33,398.3 1 1
github.com/npeprah/sparui/backend/service/game-server/controller/game/game_engine.go:401.2,401.35 1 1
github.com/npeprah/sparui/backend/service/game-server/controller/game/game_engine.go:401.35,403.3 1 0
github.com/npeprah/sparui/backend/service/game-server/controller/game/game_engine.go:406.2,406.28 1 1
github.com/npeprah/sparui/backend/service/game-server/controller/game/game_engine.go:406.28,408.3 1 0
github.com/npeprah/sparui/backend/service/game-server/controller/game/game_engine.go:410.2,414.49 3 1
github.com/npeprah/sparui/backend/service/game-server/controller/game/game_engine.go:414.49,415.38 1 1
github.com/npeprah/sparui/backend/service/game-server/controller/game/game_engine.go:415.38,417.4 1 1
github.com/npeprah/sparui/backend/service/game-server/controller/game/game_engine.go:421.2,421.28 1 1
github.com/npeprah/sparui/backend/service/game-server/controller/game/game_engine.go:421.28,428.3 3 0
github.com/npeprah/sparui/backend/service/game-server/controller/game/game_engine.go:431.2,432.46 2 1
github.com/npeprah/sparui/backend/service/game-server/controller/game/game_engine.go:432.46,433.57 1 1
github.com/npeprah/sparui/backend/service/game-server/controller/game/game_engine.go:433.57,435.4 1 1
github.com/npeprah/sparui/backend/service/game-server/controller/game/game_engine.go:439.2,447.34 3 1
github.com/npeprah/sparui/backend/service/game-server/controller/game/game_engine.go:452.55,456.20 3 1
github.com/npeprah/sparui/backend/service/game-server/controller/game/game_engine.go:456.20,458.3 1 0
github.com/npeprah/sparui/backend/service/game-server/controller/game/game_engine.go:461.2,467.33 3 1
github.com/npeprah/sparui/backend/service/game-server/controller/game/game_engine.go:467.33,471.3 1 1
github.com/npeprah/sparui/backend/service/game-server/controller/game/game_engine.go:474.2,480.3 2 1
github.com/npeprah/sparui/backend/service/game-server/controller/game/score_manager.go:29.65,33.2 1 1
github.com/npeprah/sparui/backend/service/game-server/controller/game/score_manager.go:38.65,42.25 3 1
github.com/npeprah/sparui/backend/service/game-server/controller/game/score_manager.go:42.25,44.3 1 1
github.com/npeprah/sparui/backend/service/game-server/controller/game/score_manager.go:46.2,46.20 1 1
github.com/npeprah/sparui/backend/service/game-server/controller/game/score_manager.go:46.20,48.3 1 1
github.com/npeprah/sparui/backend/service/game-server/controller/game/score_manager.go:51.2,52.19 2 1
github.com/npeprah/sparui/backend/service/game-server/controller/game/score_manager.go:52.19,54.3 1 1
github.com/npeprah/sparui/backend/service/game-server/controller/game/score_manager.go:57.2,67.12 4 1
github.com/npeprah/sparui/backend/service/game-server/controller/game/score_manager.go:79.98,83.25 3 1
github.com/npeprah/sparui/backend/service/game-server/controller/game/score_manager.go:83.25,85.3 1 1
github.com/npeprah/sparui/backend/service/game-server/controller/game/score_manager.go:87.2,87.20 1 1
github.com/npeprah/sparui/backend/service/game-server/controller/game/score_manager.go:87.20,89.3 1 1
github.com/npeprah/sparui/backend/service/game-server/controller/game/score_manager.go:91.2,91.20 1 1
github.com/npeprah/sparui/backend/service/game-server/controller/game/score_manager.go:91.20,93.3 1 1
github.com/npeprah/sparui/backend/service/game-server/controller/game/score_manager.go:96.2,97.19 2 1
github.com/npeprah/sparui/backend/service/game-server/controller/game/score_manager.go:97.19,99.3 1 1
github.com/npeprah/sparui/backend/service/game-server/controller/game/score_manager.go:102.2,116.19 4 1
github.com/npeprah/sparui/backend/service/game-server/controller/game/score_manager.go:121.70,125.25 3 1
github.com/npeprah/sparui/backend/service/game-server/controller/game/score_manager.go:125.25,127.3 1 1
github.com/npeprah/sparui/backend/service/game-server/controller/game/score_manager.go:129.2,129.20 1 1
github.com/npeprah/sparui/backend/service/game-server/controller/game/score_manager.go:129.20,131.3 1 1
github.com/npeprah/sparui/backend/service/game-server/controller/game/score_manager.go:134.2,135.19 2 1
github.com/npeprah/sparui/backend/service/game-server/controller/game/score_manager.go:135.19,137.3 1 1
github.com/npeprah/sparui/backend/service/game-server/controller/game/score_manager.go:139.2,139.26 1 1
github.com/npeprah/sparui/backend/service/game-server/controller/game/score_manager.go:146.56,150.25 3 1
github.com/npeprah/sparui/backend/service/game-server/controller/game/score_manager.go:150.25,152.3 1 1
github.com/npeprah/sparui/backend/service/game-server/controller/game/score_manager.go:155.2,156.46 2 1
github.com/npeprah/sparui/backend/service/game-server/controller/game/score_manager.go:156.46,163.3 1 1
github.com/npeprah/sparui/backend/service/game-server/controller/game/score_manager.go:166.2,166.46 1 1
github.com/npeprah/sparui/backend/service/game-server/controller/game/score_manager.go:166.46,167.51 1 1
github.com/npeprah/sparui/backend/service/game-server/controller/game/score_manager.go:167.51,169.4 1 1
github.com/npeprah/sparui/backend/service/game-server/controller/game/score_manager.go:171.3,171.61 1 1
github.com/npeprah/sparui/backend/service/game-server/controller/game/score_manager.go:174.2,174.20 1 1
github.com/npeprah/sparui/backend/service/game-server/controller/game/score_manager.go:188.63,192.25 3 1
github.com/npeprah/sparui/backend/service/game-server/controller/game/score_manager.go:192.25,194.3 1 1
github.com/npeprah/sparui/backend/service/game-server/controller/game/score_manager.go:196.2,196.36 1 1
github.com/npeprah/sparui/backend/service/game-server/controller/game/score_manager.go:196.36,198.3 1 1
github.com/npeprah/sparui/backend/service/game-server/controller/game/score_manager.go:201.2,202.46 2 1
github.com/npeprah/sparui/backend/service/game-server/controller/game/score_manager.go:202.46,203.47 1 1
github.com/npeprah/sparui/backend/service/game-server/controller/game/score_manager.go:203.47,205.4 1 1
github.com/npeprah/sparui/backend/service/game-server/controller/game/score_manager.go:209.2,209.23 1 1
github.com/npeprah/sparui/backend/service/game-server/controller/game/score_manager.go:209.23,211.3 1 1
github.com/npeprah/sparui/backend/service/game-server/controller/game/score_manager.go:214.2,214.23 1 1
github.com/npeprah/sparui/backend/service/game-server/controller/game/score_manager.go:214.23,223.3 3 1
github.com/npeprah/sparui/backend/service/game-server/controller/game/score_manager.go:227.2,227.42 1 1
github.com/npeprah/sparui/backend/service/game-server/controller/game/score_manager.go:227.42,228.43 1 1
github.com/npeprah/sparui/backend/service/game-server/controller/game/score_manager.go:228.43,230.4 1 0
github.com/npeprah/sparui/backend/service/game-server/controller/game/score_manager.go:232.3,232.53 1 1
github.com/npeprah/sparui/backend/service/game-server/controller/game/score_manager.go:235.2,244.23 3 1
github.com/npeprah/sparui/backend/service/game-server/controller/game/score_manager.go:250.43,254.25 3 1
github.com/npeprah/sparui/backend/service/game-server/controller/game/score_manager.go:254.25,256.3 1 1
github.com/npeprah/sparui/backend/service/game-server/controller/game/score_manager.go:259.2,259.46 1 1
github.com/npeprah/sparui/backend/service/game-server/controller/game/score_manager.go:259.46,260.47 1 1
github.com/npeprah/sparui/backend/service/game-server/controller/game/score_manager.go:260.47,262.4 1 1
github.com/npeprah/sparui/backend/service/game-server/controller/game/score_manager.go:265.2,265.14 1 1
