mode: set
github.com/npeprah/sparui/backend/service/game-server/controller/matchmaking/queue_manager.go:31.63,33.2 1 1
github.com/npeprah/sparui/backend/service/game-server/controller/matchmaking/queue_manager.go:36.106,43.2 1 1
github.com/npeprah/sparui/backend/service/game-server/controller/matchmaking/queue_manager.go:46.90,47.20 1 1
github.com/npeprah/sparui/backend/service/game-server/controller/matchmaking/queue_manager.go:47.20,49.3 1 1
github.com/npeprah/sparui/backend/service/game-server/controller/matchmaking/queue_manager.go:50.2,50.20 1 1
github.com/npeprah/sparui/backend/service/game-server/controller/matchmaking/queue_manager.go:50.20,52.3 1 1
github.com/npeprah/sparui/backend/service/game-server/controller/matchmaking/queue_manager.go:54.2,57.34 2 1
github.com/npeprah/sparui/backend/service/game-server/controller/matchmaking/queue_manager.go:57.34,58.33 1 1
github.com/npeprah/sparui/backend/service/game-server/controller/matchmaking/queue_manager.go:58.33,61.4 2 1
github.com/npeprah/sparui/backend/service/game-server/controller/matchmaking/queue_manager.go:65.2,89.17 8 1
github.com/npeprah/sparui/backend/service/game-server/controller/matchmaking/queue_manager.go:89.17,91.3 1 1
github.com/npeprah/sparui/backend/service/game-server/controller/matchmaking/queue_manager.go:93.2,93.12 1 1
github.com/npeprah/sparui/backend/service/game-server/controller/matchmaking/queue_manager.go:97.58,102.34 3 1
github.com/npeprah/sparui/backend/service/game-server/controller/matchmaking/queue_manager.go:102.34,103.33 1 1
github.com/npeprah/sparui/backend/service/game-server/controller/matchmaking/queue_manager.go:103.33,112.9 4 1
github.com/npeprah/sparui/backend/service/game-server/controller/matchmaking/queue_manager.go:116.2,118.25 2 1
github.com/npeprah/sparui/backend/service/game-server/controller/matchmaking/queue_manager.go:118.25,120.3 1 1
github.com/npeprah/sparui/backend/service/game-server/controller/matchmaking/queue_manager.go:123.2,123.36 1 1
github.com/npeprah/sparui/backend/service/game-server/controller/matchmaking/queue_manager.go:123.36,125.3 1 1
github.com/npeprah/sparui/backend/service/game-server/controller/matchmaking/queue_manager.go:127.2,127.12 1 1
github.com/npeprah/sparui/backend/service/game-server/controller/matchmaking/queue_manager.go:131.71,135.34 3 1
github.com/npeprah/sparui/backend/service/game-server/controller/matchmaking/queue_manager.go:135.34,136.33 1 1
github.com/npeprah/sparui/backend/service/game-server/controller/matchmaking/queue_manager.go:136.33,138.4 1 1
github.com/npeprah/sparui/backend/service/game-server/controller/matchmaking/queue_manager.go:141.2,141.61 1 1
github.com/npeprah/sparui/backend/service/game-server/controller/matchmaking/queue_manager.go:146.75,158.20 4 1
github.com/npeprah/sparui/backend/service/game-server/controller/matchmaking/queue_manager.go:158.20,159.35 1 1
github.com/npeprah/sparui/backend/service/game-server/controller/matchmaking/queue_manager.go:159.35,160.34 1 1
github.com/npeprah/sparui/backend/service/game-server/controller/matchmaking/queue_manager.go:160.34,162.10 2 1
github.com/npeprah/sparui/backend/service/game-server/controller/matchmaking/queue_manager.go:167.2,167.15 1 1
github.com/npeprah/sparui/backend/service/game-server/controller/matchmaking/queue_manager.go:172.83,179.6 4 1
github.com/npeprah/sparui/backend/service/game-server/controller/matchmaking/queue_manager.go:179.6,181.19 2 1
github.com/npeprah/sparui/backend/service/game-server/controller/matchmaking/queue_manager.go:181.19,182.9 1 1
github.com/npeprah/sparui/backend/service/game-server/controller/matchmaking/queue_manager.go:184.3,184.35 1 1
github.com/npeprah/sparui/backend/service/game-server/controller/matchmaking/queue_manager.go:187.2,187.16 1 1
github.com/npeprah/sparui/backend/service/game-server/controller/matchmaking/queue_manager.go:192.80,193.25 1 1
github.com/npeprah/sparui/backend/service/game-server/controller/matchmaking/queue_manager.go:193.25,195.3 1 1
github.com/npeprah/sparui/backend/service/game-server/controller/matchmaking/queue_manager.go:198.2,198.49 1 1
github.com/npeprah/sparui/backend/service/game-server/controller/matchmaking/queue_manager.go:198.49,200.3 1 1
github.com/npeprah/sparui/backend/service/game-server/controller/matchmaking/queue_manager.go:204.2,204.43 1 1
github.com/npeprah/sparui/backend/service/game-server/controller/matchmaking/queue_manager.go:204.43,208.44 3 1
github.com/npeprah/sparui/backend/service/game-server/controller/matchmaking/queue_manager.go:208.44,211.40 2 1
github.com/npeprah/sparui/backend/service/game-server/controller/matchmaking/queue_manager.go:211.40,213.5 1 0
github.com/npeprah/sparui/backend/service/game-server/controller/matchmaking/queue_manager.go:214.4,214.52 1 1
github.com/npeprah/sparui/backend/service/game-server/controller/matchmaking/queue_manager.go:218.2,218.12 1 1
github.com/npeprah/sparui/backend/service/game-server/controller/matchmaking/queue_manager.go:223.104,224.33 1 1
github.com/npeprah/sparui/backend/service/game-server/controller/matchmaking/queue_manager.go:224.33,226.3 1 0
github.com/npeprah/sparui/backend/service/game-server/controller/matchmaking/queue_manager.go:229.2,234.16 4 1
github.com/npeprah/sparui/backend/service/game-server/controller/matchmaking/queue_manager.go:234.16,239.3 3 0
github.com/npeprah/sparui/backend/service/game-server/controller/matchmaking/queue_manager.go:242.2,253.14 4 1
github.com/npeprah/sparui/backend/service/game-server/controller/matchmaking/queue_manager.go:257.115,258.23 1 1
github.com/npeprah/sparui/backend/service/game-server/controller/matchmaking/queue_manager.go:258.23,260.3 1 0
github.com/npeprah/sparui/backend/service/game-server/controller/matchmaking/queue_manager.go:263.2,272.16 4 1
github.com/npeprah/sparui/backend/service/game-server/controller/matchmaking/queue_manager.go:272.16,274.3 1 0
github.com/npeprah/sparui/backend/service/game-server/controller/matchmaking/queue_manager.go:277.2,277.36 1 1
github.com/npeprah/sparui/backend/service/game-server/controller/matchmaking/queue_manager.go:277.36,291.17 4 1
github.com/npeprah/sparui/backend/service/game-server/controller/matchmaking/queue_manager.go:291.17,300.4 3 0
github.com/npeprah/sparui/backend/service/game-server/controller/matchmaking/queue_manager.go:304.2,304.32 1 1
github.com/npeprah/sparui/backend/service/game-server/controller/matchmaking/queue_manager.go:304.32,306.17 2 1
github.com/npeprah/sparui/backend/service/game-server/controller/matchmaking/queue_manager.go:306.17,312.4 1 0
github.com/npeprah/sparui/backend/service/game-server/controller/matchmaking/queue_manager.go:316.2,317.32 2 1
github.com/npeprah/sparui/backend/service/game-server/controller/matchmaking/queue_manager.go:317.32,319.3 1 1
github.com/npeprah/sparui/backend/service/game-server/controller/matchmaking/queue_manager.go:321.2,332.19 3 1
github.com/npeprah/sparui/backend/service/game-server/controller/matchmaking/queue_manager.go:336.75,338.16 2 0
github.com/npeprah/sparui/backend/service/game-server/controller/matchmaking/queue_manager.go:338.16,340.3 1 0
github.com/npeprah/sparui/backend/service/game-server/controller/matchmaking/queue_manager.go:343.2,343.38 1 0
github.com/npeprah/sparui/backend/service/game-server/controller/matchmaking/queue_manager.go:343.38,349.3 2 0
github.com/npeprah/sparui/backend/service/game-server/controller/matchmaking/queue_manager.go:351.2,351.62 1 0
github.com/npeprah/sparui/backend/service/game-server/controller/matchmaking/queue_manager.go:355.105,361.9 2 1
github.com/npeprah/sparui/backend/service/game-server/controller/matchmaking/queue_manager.go:362.30,362.30 0 1
github.com/npeprah/sparui/backend/service/game-server/controller/matchmaking/queue_manager.go:364.20,366.9 2 1
github.com/npeprah/sparui/backend/service/game-server/controller/matchmaking/queue_manager.go:370.2,370.46 1 1
github.com/npeprah/sparui/backend/service/game-server/controller/matchmaking/queue_manager.go:370.46,373.3 2 0
github.com/npeprah/sparui/backend/service/game-server/controller/matchmaking/queue_manager.go:376.2,377.16 2 1
github.com/npeprah/sparui/backend/service/game-server/controller/matchmaking/queue_manager.go:377.16,382.3 2 0
github.com/npeprah/sparui/backend/service/game-server/controller/matchmaking/queue_manager.go:384.2,385.24 1 1
github.com/npeprah/sparui/backend/service/game-server/controller/matchmaking/queue_manager.go:390.76,398.34 6 1
github.com/npeprah/sparui/backend/service/game-server/controller/matchmaking/queue_manager.go:398.34,399.33 1 1
github.com/npeprah/sparui/backend/service/game-server/controller/matchmaking/queue_manager.go:399.33,402.31 2 1
github.com/npeprah/sparui/backend/service/game-server/controller/matchmaking/queue_manager.go:402.31,404.5 1 1
github.com/npeprah/sparui/backend/service/game-server/controller/matchmaking/queue_manager.go:405.4,407.41 1 1
github.com/npeprah/sparui/backend/service/game-server/controller/matchmaking/queue_manager.go:408.9,410.4 1 1
github.com/npeprah/sparui/backend/service/game-server/controller/matchmaking/queue_manager.go:413.2,415.16 2 1
github.com/npeprah/sparui/backend/service/game-server/controller/matchmaking/queue_manager.go:419.64,422.2 2 1
github.com/npeprah/sparui/backend/service/game-server/controller/matchmaking/queue_manager.go:425.51,436.6 4 1
github.com/npeprah/sparui/backend/service/game-server/controller/matchmaking/queue_manager.go:436.6,437.10 1 1
github.com/npeprah/sparui/backend/service/game-server/controller/matchmaking/queue_manager.go:438.19,441.24 2 1
github.com/npeprah/sparui/backend/service/game-server/controller/matchmaking/queue_manager.go:441.24,443.5 1 1
github.com/npeprah/sparui/backend/service/game-server/controller/matchmaking/queue_manager.go:446.4,447.24 2 1
github.com/npeprah/sparui/backend/service/game-server/controller/matchmaking/queue_manager.go:447.24,449.5 1 0
github.com/npeprah/sparui/backend/service/game-server/controller/matchmaking/queue_manager.go:452.4,452.28 1 1
github.com/npeprah/sparui/backend/service/game-server/controller/matchmaking/queue_manager.go:454.21,456.10 2 1
github.com/npeprah/sparui/backend/service/game-server/controller/matchmaking/queue_manager.go:462.47,466.34 3 1
github.com/npeprah/sparui/backend/service/game-server/controller/matchmaking/queue_manager.go:466.34,467.30 1 1
github.com/npeprah/sparui/backend/service/game-server/controller/matchmaking/queue_manager.go:467.30,468.12 1 0
github.com/npeprah/sparui/backend/service/game-server/controller/matchmaking/queue_manager.go:471.3,479.9 3 1
github.com/npeprah/sparui/backend/service/game-server/controller/matchmaking/queue_manager.go:479.9,484.18 2 1
github.com/npeprah/sparui/backend/service/game-server/controller/matchmaking/queue_manager.go:484.18,488.5 1 0
github.com/npeprah/sparui/backend/service/game-server/controller/matchmaking/queue_manager.go:495.57,496.25 1 1
github.com/npeprah/sparui/backend/service/game-server/controller/matchmaking/queue_manager.go:496.25,498.3 1 1
github.com/npeprah/sparui/backend/service/game-server/controller/matchmaking/queue_manager.go:502.2,503.26 2 1
github.com/npeprah/sparui/backend/service/game-server/controller/matchmaking/queue_manager.go:507.64,508.34 1 1
github.com/npeprah/sparui/backend/service/game-server/controller/matchmaking/queue_manager.go:508.34,509.33 1 1
github.com/npeprah/sparui/backend/service/game-server/controller/matchmaking/queue_manager.go:509.33,511.4 1 1
github.com/npeprah/sparui/backend/service/game-server/controller/matchmaking/queue_manager.go:513.2,513.10 1 0
github.com/npeprah/sparui/backend/service/game-server/controller/matchmaking/queue_manager.go:518.71,520.9 2 0
github.com/npeprah/sparui/backend/service/game-server/controller/matchmaking/queue_manager.go:520.9,522.3 1 0
github.com/npeprah/sparui/backend/service/game-server/controller/matchmaking/queue_manager.go:524.2,535.16 3 0
github.com/npeprah/sparui/backend/service/game-server/controller/matchmaking/queue_manager.go:535.16,537.3 1 0
github.com/npeprah/sparui/backend/service/game-server/controller/matchmaking/queue_manager.go:540.111,542.9 2 1
github.com/npeprah/sparui/backend/service/game-server/controller/matchmaking/queue_manager.go:542.9,544.3 1 0
github.com/npeprah/sparui/backend/service/game-server/controller/matchmaking/queue_manager.go:547.2,559.16 3 1
github.com/npeprah/sparui/backend/service/game-server/controller/matchmaking/queue_manager.go:559.16,561.3 1 0
github.com/npeprah/sparui/backend/service/game-server/controller/matchmaking/queue_manager.go:564.72,566.9 2 1
github.com/npeprah/sparui/backend/service/game-server/controller/matchmaking/queue_manager.go:566.9,568.3 1 0
github.com/npeprah/sparui/backend/service/game-server/controller/matchmaking/queue_manager.go:570.2,577.16 2 1
github.com/npeprah/sparui/backend/service/game-server/controller/matchmaking/queue_manager.go:577.16,579.3 1 0
github.com/npeprah/sparui/backend/service/game-server/controller/matchmaking/queue_manager.go:582.74,584.9 2 1
github.com/npeprah/sparui/backend/service/game-server/controller/matchmaking/queue_manager.go:584.9,586.3 1 0
github.com/npeprah/sparui/backend/service/game-server/controller/matchmaking/queue_manager.go:588.2,596.16 2 1
github.com/npeprah/sparui/backend/service/game-server/controller/matchmaking/queue_manager.go:596.16,598.3 1 0
github.com/npeprah/sparui/backend/service/game-server/controller/matchmaking/queue_manager.go:601.102,602.32 1 1
github.com/npeprah/sparui/backend/service/game-server/controller/matchmaking/queue_manager.go:602.32,604.10 2 1
github.com/npeprah/sparui/backend/service/game-server/controller/matchmaking/queue_manager.go:604.10,605.12 1 0
github.com/npeprah/sparui/backend/service/game-server/controller/matchmaking/queue_manager.go:609.3,620.17 2 1
github.com/npeprah/sparui/backend/service/game-server/controller/matchmaking/queue_manager.go:620.17,625.12 2 0
github.com/npeprah/sparui/backend/service/game-server/controller/matchmaking/queue_manager.go:629.3,640.17 2 1
github.com/npeprah/sparui/backend/service/game-server/controller/matchmaking/queue_manager.go:640.17,645.4 1 0
github.com/npeprah/sparui/backend/service/game-server/controller/matchmaking/queue_manager.go:648.2,651.30 1 1
github.com/npeprah/sparui/backend/service/game-server/controller/matchmaking/queue_manager.go:656.31,661.24 4 1
github.com/npeprah/sparui/backend/service/game-server/controller/matchmaking/queue_manager.go:661.24,663.17 2 1
github.com/npeprah/sparui/backend/service/game-server/controller/matchmaking/queue_manager.go:663.17,666.4 1 0
github.com/npeprah/sparui/backend/service/game-server/controller/matchmaking/queue_manager.go:667.3,667.31 1 1
github.com/npeprah/sparui/backend/service/game-server/controller/matchmaking/queue_manager.go:670.2,670.23 1 1
github.com/npeprah/sparui/backend/service/game-server/controller/matchmaking/quick_match_service.go:24.94,35.2 3 1
github.com/npeprah/sparui/backend/service/game-server/controller/matchmaking/quick_match_service.go:38.122,39.20 1 1
github.com/npeprah/sparui/backend/service/game-server/controller/matchmaking/quick_match_service.go:39.20,41.3 1 1
github.com/npeprah/sparui/backend/service/game-server/controller/matchmaking/quick_match_service.go:42.2,42.20 1 1
github.com/npeprah/sparui/backend/service/game-server/controller/matchmaking/quick_match_service.go:42.20,44.3 1 1
github.com/npeprah/sparui/backend/service/game-server/controller/matchmaking/quick_match_service.go:47.2,47.32 1 1
github.com/npeprah/sparui/backend/service/game-server/controller/matchmaking/quick_match_service.go:47.32,49.3 1 1
github.com/npeprah/sparui/backend/service/game-server/controller/matchmaking/quick_match_service.go:52.2,53.16 2 1
github.com/npeprah/sparui/backend/service/game-server/controller/matchmaking/quick_match_service.go:53.16,55.3 1 0
github.com/npeprah/sparui/backend/service/game-server/controller/matchmaking/quick_match_service.go:57.2,61.12 2 1
github.com/npeprah/sparui/backend/service/game-server/controller/matchmaking/quick_match_service.go:65.90,68.16 2 1
github.com/npeprah/sparui/backend/service/game-server/controller/matchmaking/quick_match_service.go:68.16,71.3 1 0
github.com/npeprah/sparui/backend/service/game-server/controller/matchmaking/quick_match_service.go:74.2,76.40 3 1
github.com/npeprah/sparui/backend/service/game-server/controller/matchmaking/quick_match_service.go:76.40,77.39 1 0
github.com/npeprah/sparui/backend/service/game-server/controller/matchmaking/quick_match_service.go:77.39,78.52 1 0
github.com/npeprah/sparui/backend/service/game-server/controller/matchmaking/quick_match_service.go:78.52,80.10 2 0
github.com/npeprah/sparui/backend/service/game-server/controller/matchmaking/quick_match_service.go:84.2,86.26 2 1
github.com/npeprah/sparui/backend/service/game-server/controller/matchmaking/quick_match_service.go:86.26,98.3 5 0
github.com/npeprah/sparui/backend/service/game-server/controller/matchmaking/quick_match_service.go:100.2,100.12 1 1
github.com/npeprah/sparui/backend/service/game-server/controller/matchmaking/quick_match_service.go:104.66,106.26 2 1
github.com/npeprah/sparui/backend/service/game-server/controller/matchmaking/quick_match_service.go:106.26,107.28 1 1
github.com/npeprah/sparui/backend/service/game-server/controller/matchmaking/quick_match_service.go:107.28,109.4 1 1
github.com/npeprah/sparui/backend/service/game-server/controller/matchmaking/quick_match_service.go:111.2,111.14 1 1
github.com/npeprah/sparui/backend/service/game-server/controller/matchmaking/quick_match_service.go:116.75,141.16 8 0
github.com/npeprah/sparui/backend/service/game-server/controller/matchmaking/quick_match_service.go:141.16,152.3 6 0
github.com/npeprah/sparui/backend/service/game-server/controller/matchmaking/quick_match_service.go:155.2,164.30 5 0
github.com/npeprah/sparui/backend/service/game-server/controller/matchmaking/quick_match_service.go:168.112,170.16 2 0
github.com/npeprah/sparui/backend/service/game-server/controller/matchmaking/quick_match_service.go:170.16,172.3 1 0
github.com/npeprah/sparui/backend/service/game-server/controller/matchmaking/quick_match_service.go:175.2,175.37 1 0
github.com/npeprah/sparui/backend/service/game-server/controller/matchmaking/quick_match_service.go:175.37,177.20 2 0
github.com/npeprah/sparui/backend/service/game-server/controller/matchmaking/quick_match_service.go:177.20,179.4 1 0
github.com/npeprah/sparui/backend/service/game-server/controller/matchmaking/quick_match_service.go:182.2,186.12 2 0
github.com/npeprah/sparui/backend/service/game-server/controller/matchmaking/quick_match_service.go:190.119,197.9 2 0
github.com/npeprah/sparui/backend/service/game-server/controller/matchmaking/quick_match_service.go:198.30,198.30 0 0
github.com/npeprah/sparui/backend/service/game-server/controller/matchmaking/quick_match_service.go:200.20,202.9 2 0
github.com/npeprah/sparui/backend/service/game-server/controller/matchmaking/quick_match_service.go:206.2,207.16 2 0
github.com/npeprah/sparui/backend/service/game-server/controller/matchmaking/quick_match_service.go:207.16,213.53 3 0
github.com/npeprah/sparui/backend/service/game-server/controller/matchmaking/quick_match_service.go:213.53,216.4 2 0
github.com/npeprah/sparui/backend/service/game-server/controller/matchmaking/quick_match_service.go:217.3,218.9 2 0
github.com/npeprah/sparui/backend/service/game-server/controller/matchmaking/quick_match_service.go:222.2,222.30 1 0
github.com/npeprah/sparui/backend/service/game-server/controller/matchmaking/quick_match_service.go:222.30,227.53 3 0
github.com/npeprah/sparui/backend/service/game-server/controller/matchmaking/quick_match_service.go:227.53,230.4 2 0
github.com/npeprah/sparui/backend/service/game-server/controller/matchmaking/quick_match_service.go:231.3,232.9 2 0
github.com/npeprah/sparui/backend/service/game-server/controller/matchmaking/quick_match_service.go:236.2,237.16 2 0
github.com/npeprah/sparui/backend/service/game-server/controller/matchmaking/quick_match_service.go:237.16,244.53 3 0
github.com/npeprah/sparui/backend/service/game-server/controller/matchmaking/quick_match_service.go:244.53,247.4 2 0
github.com/npeprah/sparui/backend/service/game-server/controller/matchmaking/quick_match_service.go:248.3,249.9 2 0
github.com/npeprah/sparui/backend/service/game-server/controller/matchmaking/quick_match_service.go:253.2,254.52 2 0
github.com/npeprah/sparui/backend/service/game-server/controller/matchmaking/quick_match_service.go:254.52,256.3 1 0
github.com/npeprah/sparui/backend/service/game-server/controller/matchmaking/quick_match_service.go:257.2,261.22 2 0
github.com/npeprah/sparui/backend/service/game-server/controller/matchmaking/quick_match_service.go:265.69,266.28 1 0
github.com/npeprah/sparui/backend/service/game-server/controller/matchmaking/quick_match_service.go:266.28,268.3 1 0
github.com/npeprah/sparui/backend/service/game-server/controller/matchmaking/quick_match_service.go:270.2,270.38 1 0
github.com/npeprah/sparui/backend/service/game-server/controller/matchmaking/quick_match_service.go:270.38,271.22 1 0
github.com/npeprah/sparui/backend/service/game-server/controller/matchmaking/quick_match_service.go:271.22,273.4 1 0
github.com/npeprah/sparui/backend/service/game-server/controller/matchmaking/quick_match_service.go:276.2,276.13 1 0
github.com/npeprah/sparui/backend/service/game-server/controller/matchmaking/quick_match_service.go:280.92,282.16 2 0
github.com/npeprah/sparui/backend/service/game-server/controller/matchmaking/quick_match_service.go:282.16,284.3 1 0
github.com/npeprah/sparui/backend/service/game-server/controller/matchmaking/quick_match_service.go:287.2,301.12 6 0
github.com/npeprah/sparui/backend/service/game-server/controller/matchmaking/quick_match_service.go:305.93,310.2 4 0
github.com/npeprah/sparui/backend/service/game-server/controller/matchmaking/quick_match_service.go:313.59,320.46 5 0
github.com/npeprah/sparui/backend/service/game-server/controller/matchmaking/quick_match_service.go:320.46,321.65 1 0
github.com/npeprah/sparui/backend/service/game-server/controller/matchmaking/quick_match_service.go:321.65,324.4 2 0
github.com/npeprah/sparui/backend/service/game-server/controller/matchmaking/quick_match_service.go:327.2,327.15 1 0
github.com/npeprah/sparui/backend/service/game-server/controller/matchmaking/quick_match_service.go:327.15,329.3 1 0
github.com/npeprah/sparui/backend/service/game-server/controller/matchmaking/quick_match_service.go:331.2,331.14 1 0
github.com/npeprah/sparui/backend/service/game-server/controller/matchmaking/quick_match_service.go:335.55,339.2 3 0
github.com/npeprah/sparui/backend/service/game-server/controller/matchmaking/quick_match_service.go:342.78,347.13 4 0
github.com/npeprah/sparui/backend/service/game-server/controller/matchmaking/quick_match_service.go:347.13,349.3 1 0
github.com/npeprah/sparui/backend/service/game-server/controller/matchmaking/quick_match_service.go:351.2,351.30 1 0
github.com/npeprah/sparui/backend/service/game-server/controller/matchmaking/quick_match_service.go:351.30,353.3 1 0
github.com/npeprah/sparui/backend/service/game-server/controller/matchmaking/quick_match_service.go:355.2,362.12 4 0
