mode: set
github.com/npeprah/sparui/backend/service/game-server/controller/room/room_manager.go:45.28,49.2 1 1
github.com/npeprah/sparui/backend/service/game-server/controller/room/room_manager.go:52.57,57.2 1 0
github.com/npeprah/sparui/backend/service/game-server/controller/room/room_manager.go:60.103,61.22 1 1
github.com/npeprah/sparui/backend/service/game-server/controller/room/room_manager.go:61.22,63.3 1 1
github.com/npeprah/sparui/backend/service/game-server/controller/room/room_manager.go:65.2,70.16 4 1
github.com/npeprah/sparui/backend/service/game-server/controller/room/room_manager.go:70.16,72.3 1 0
github.com/npeprah/sparui/backend/service/game-server/controller/room/room_manager.go:75.2,76.31 2 1
github.com/npeprah/sparui/backend/service/game-server/controller/room/room_manager.go:76.31,78.3 1 1
github.com/npeprah/sparui/backend/service/game-server/controller/room/room_manager.go:79.2,79.35 1 1
github.com/npeprah/sparui/backend/service/game-server/controller/room/room_manager.go:79.35,81.3 1 1
github.com/npeprah/sparui/backend/service/game-server/controller/room/room_manager.go:82.2,82.37 1 1
github.com/npeprah/sparui/backend/service/game-server/controller/room/room_manager.go:82.37,84.3 1 1
github.com/npeprah/sparui/backend/service/game-server/controller/room/room_manager.go:86.2,115.25 6 1
github.com/npeprah/sparui/backend/service/game-server/controller/room/room_manager.go:115.25,116.56 1 0
github.com/npeprah/sparui/backend/service/game-server/controller/room/room_manager.go:116.56,120.4 1 0
github.com/npeprah/sparui/backend/service/game-server/controller/room/room_manager.go:123.2,125.18 2 1
github.com/npeprah/sparui/backend/service/game-server/controller/room/room_manager.go:129.123,130.24 1 1
github.com/npeprah/sparui/backend/service/game-server/controller/room/room_manager.go:130.24,132.3 1 0
github.com/npeprah/sparui/backend/service/game-server/controller/room/room_manager.go:133.2,133.24 1 1
github.com/npeprah/sparui/backend/service/game-server/controller/room/room_manager.go:133.24,135.3 1 0
github.com/npeprah/sparui/backend/service/game-server/controller/room/room_manager.go:137.2,142.13 4 1
github.com/npeprah/sparui/backend/service/game-server/controller/room/room_manager.go:142.13,144.3 1 1
github.com/npeprah/sparui/backend/service/game-server/controller/room/room_manager.go:147.2,147.21 1 1
github.com/npeprah/sparui/backend/service/game-server/controller/room/room_manager.go:147.21,148.20 1 1
github.com/npeprah/sparui/backend/service/game-server/controller/room/room_manager.go:148.20,150.4 1 1
github.com/npeprah/sparui/backend/service/game-server/controller/room/room_manager.go:151.3,151.74 1 1
github.com/npeprah/sparui/backend/service/game-server/controller/room/room_manager.go:155.2,155.34 1 1
github.com/npeprah/sparui/backend/service/game-server/controller/room/room_manager.go:155.34,157.3 1 1
github.com/npeprah/sparui/backend/service/game-server/controller/room/room_manager.go:160.2,172.25 4 1
github.com/npeprah/sparui/backend/service/game-server/controller/room/room_manager.go:172.25,173.56 1 0
github.com/npeprah/sparui/backend/service/game-server/controller/room/room_manager.go:173.56,175.4 1 0
github.com/npeprah/sparui/backend/service/game-server/controller/room/room_manager.go:178.2,180.18 2 1
github.com/npeprah/sparui/backend/service/game-server/controller/room/room_manager.go:184.85,185.24 1 1
github.com/npeprah/sparui/backend/service/game-server/controller/room/room_manager.go:185.24,187.3 1 0
github.com/npeprah/sparui/backend/service/game-server/controller/room/room_manager.go:188.2,188.24 1 1
github.com/npeprah/sparui/backend/service/game-server/controller/room/room_manager.go:188.24,190.3 1 0
github.com/npeprah/sparui/backend/service/game-server/controller/room/room_manager.go:192.2,197.13 4 1
github.com/npeprah/sparui/backend/service/game-server/controller/room/room_manager.go:197.13,199.3 1 1
github.com/npeprah/sparui/backend/service/game-server/controller/room/room_manager.go:202.2,202.35 1 1
github.com/npeprah/sparui/backend/service/game-server/controller/room/room_manager.go:202.35,204.3 1 1
github.com/npeprah/sparui/backend/service/game-server/controller/room/room_manager.go:207.2,212.32 4 1
github.com/npeprah/sparui/backend/service/game-server/controller/room/room_manager.go:212.32,217.3 4 1
github.com/npeprah/sparui/backend/service/game-server/controller/room/room_manager.go:220.2,220.20 1 1
github.com/npeprah/sparui/backend/service/game-server/controller/room/room_manager.go:220.20,222.26 2 1
github.com/npeprah/sparui/backend/service/game-server/controller/room/room_manager.go:222.26,223.60 1 0
github.com/npeprah/sparui/backend/service/game-server/controller/room/room_manager.go:223.60,225.5 1 0
github.com/npeprah/sparui/backend/service/game-server/controller/room/room_manager.go:227.3,228.13 2 1
github.com/npeprah/sparui/backend/service/game-server/controller/room/room_manager.go:232.2,232.25 1 1
github.com/npeprah/sparui/backend/service/game-server/controller/room/room_manager.go:232.25,233.56 1 0
github.com/npeprah/sparui/backend/service/game-server/controller/room/room_manager.go:233.56,235.4 1 0
github.com/npeprah/sparui/backend/service/game-server/controller/room/room_manager.go:238.2,240.12 2 1
github.com/npeprah/sparui/backend/service/game-server/controller/room/room_manager.go:244.66,249.13 4 1
github.com/npeprah/sparui/backend/service/game-server/controller/room/room_manager.go:249.13,251.3 1 1
github.com/npeprah/sparui/backend/service/game-server/controller/room/room_manager.go:253.2,253.18 1 1
github.com/npeprah/sparui/backend/service/game-server/controller/room/room_manager.go:257.68,261.31 3 0
github.com/npeprah/sparui/backend/service/game-server/controller/room/room_manager.go:261.31,262.24 1 0
github.com/npeprah/sparui/backend/service/game-server/controller/room/room_manager.go:262.24,264.4 1 0
github.com/npeprah/sparui/backend/service/game-server/controller/room/room_manager.go:267.2,267.54 1 0
github.com/npeprah/sparui/backend/service/game-server/controller/room/room_manager.go:271.46,276.31 4 1
github.com/npeprah/sparui/backend/service/game-server/controller/room/room_manager.go:276.31,278.3 1 1
github.com/npeprah/sparui/backend/service/game-server/controller/room/room_manager.go:280.2,280.14 1 1
github.com/npeprah/sparui/backend/service/game-server/controller/room/room_manager.go:284.119,285.24 1 0
github.com/npeprah/sparui/backend/service/game-server/controller/room/room_manager.go:285.24,287.3 1 0
github.com/npeprah/sparui/backend/service/game-server/controller/room/room_manager.go:288.2,288.22 1 0
github.com/npeprah/sparui/backend/service/game-server/controller/room/room_manager.go:288.22,290.3 1 0
github.com/npeprah/sparui/backend/service/game-server/controller/room/room_manager.go:292.2,296.13 4 0
github.com/npeprah/sparui/backend/service/game-server/controller/room/room_manager.go:296.13,298.3 1 0
github.com/npeprah/sparui/backend/service/game-server/controller/room/room_manager.go:301.2,301.30 1 0
github.com/npeprah/sparui/backend/service/game-server/controller/room/room_manager.go:301.30,303.3 1 0
github.com/npeprah/sparui/backend/service/game-server/controller/room/room_manager.go:306.2,310.25 3 0
github.com/npeprah/sparui/backend/service/game-server/controller/room/room_manager.go:310.25,311.56 1 0
github.com/npeprah/sparui/backend/service/game-server/controller/room/room_manager.go:311.56,313.4 1 0
github.com/npeprah/sparui/backend/service/game-server/controller/room/room_manager.go:316.2,318.18 2 0
github.com/npeprah/sparui/backend/service/game-server/controller/room/room_manager.go:322.62,327.34 4 0
github.com/npeprah/sparui/backend/service/game-server/controller/room/room_manager.go:327.34,328.21 1 0
github.com/npeprah/sparui/backend/service/game-server/controller/room/room_manager.go:328.21,330.27 2 0
github.com/npeprah/sparui/backend/service/game-server/controller/room/room_manager.go:330.27,331.61 1 0
github.com/npeprah/sparui/backend/service/game-server/controller/room/room_manager.go:331.61,333.6 1 0
github.com/npeprah/sparui/backend/service/game-server/controller/room/room_manager.go:335.4,335.11 1 0
github.com/npeprah/sparui/backend/service/game-server/controller/room/room_manager.go:339.2,339.15 1 0
github.com/npeprah/sparui/backend/service/game-server/controller/room/room_manager.go:339.15,341.3 1 0
github.com/npeprah/sparui/backend/service/game-server/controller/room/room_manager.go:343.2,343.14 1 0
github.com/npeprah/sparui/backend/service/game-server/controller/room/room_manager.go:347.79,349.35 2 1
github.com/npeprah/sparui/backend/service/game-server/controller/room/room_manager.go:349.35,353.42 2 1
github.com/npeprah/sparui/backend/service/game-server/controller/room/room_manager.go:353.42,355.27 1 1
github.com/npeprah/sparui/backend/service/game-server/controller/room/room_manager.go:355.27,357.19 2 0
github.com/npeprah/sparui/backend/service/game-server/controller/room/room_manager.go:357.19,360.6 1 0
github.com/npeprah/sparui/backend/service/game-server/controller/room/room_manager.go:360.11,360.22 1 0
github.com/npeprah/sparui/backend/service/game-server/controller/room/room_manager.go:360.22,361.14 1 0
github.com/npeprah/sparui/backend/service/game-server/controller/room/room_manager.go:364.4,364.20 1 1
github.com/npeprah/sparui/backend/service/game-server/controller/room/room_manager.go:368.2,368.93 1 0
github.com/npeprah/sparui/backend/service/game-server/controller/room/room_manager.go:372.32,376.38 3 1
github.com/npeprah/sparui/backend/service/game-server/controller/room/room_manager.go:376.38,378.17 2 1
github.com/npeprah/sparui/backend/service/game-server/controller/room/room_manager.go:378.17,381.4 1 0
github.com/npeprah/sparui/backend/service/game-server/controller/room/room_manager.go:382.3,382.39 1 1
github.com/npeprah/sparui/backend/service/game-server/controller/room/room_manager.go:385.2,385.21 1 1
github.com/npeprah/sparui/backend/service/game-server/controller/room/room_manager.go:390.28,392.2 1 1
github.com/npeprah/sparui/backend/service/game-server/controller/room/room_manager.go:395.34,397.16 2 1
github.com/npeprah/sparui/backend/service/game-server/controller/room/room_manager.go:397.16,399.3 1 0
github.com/npeprah/sparui/backend/service/game-server/controller/room/room_manager.go:400.2,400.29 1 1
github.com/npeprah/sparui/backend/service/game-server/controller/room/room_manager.go:404.100,405.20 1 1
github.com/npeprah/sparui/backend/service/game-server/controller/room/room_manager.go:405.20,407.3 1 1
github.com/npeprah/sparui/backend/service/game-server/controller/room/room_manager.go:408.2,408.20 1 1
github.com/npeprah/sparui/backend/service/game-server/controller/room/room_manager.go:408.20,410.3 1 0
github.com/npeprah/sparui/backend/service/game-server/controller/room/room_manager.go:412.2,416.13 4 1
github.com/npeprah/sparui/backend/service/game-server/controller/room/room_manager.go:416.13,418.3 1 0
github.com/npeprah/sparui/backend/service/game-server/controller/room/room_manager.go:420.2,421.19 2 1
github.com/npeprah/sparui/backend/service/game-server/controller/room/room_manager.go:421.19,423.3 1 1
github.com/npeprah/sparui/backend/service/game-server/controller/room/room_manager.go:425.2,429.79 3 1
github.com/npeprah/sparui/backend/service/game-server/controller/room/room_manager.go:429.79,431.3 1 1
github.com/npeprah/sparui/backend/service/game-server/controller/room/room_manager.go:434.2,434.25 1 1
github.com/npeprah/sparui/backend/service/game-server/controller/room/room_manager.go:434.25,435.56 1 0
github.com/npeprah/sparui/backend/service/game-server/controller/room/room_manager.go:435.56,437.4 1 0
github.com/npeprah/sparui/backend/service/game-server/controller/room/room_manager.go:440.2,445.12 2 1
github.com/npeprah/sparui/backend/service/game-server/controller/room/room_manager.go:449.57,454.13 4 1
github.com/npeprah/sparui/backend/service/game-server/controller/room/room_manager.go:454.13,456.3 1 1
github.com/npeprah/sparui/backend/service/game-server/controller/room/room_manager.go:458.2,458.38 1 1
github.com/npeprah/sparui/backend/service/game-server/controller/room/room_manager.go:462.65,463.28 1 1
github.com/npeprah/sparui/backend/service/game-server/controller/room/room_manager.go:463.28,465.3 1 0
github.com/npeprah/sparui/backend/service/game-server/controller/room/room_manager.go:467.2,467.38 1 1
github.com/npeprah/sparui/backend/service/game-server/controller/room/room_manager.go:467.38,468.22 1 1
github.com/npeprah/sparui/backend/service/game-server/controller/room/room_manager.go:468.22,470.4 1 1
github.com/npeprah/sparui/backend/service/game-server/controller/room/room_manager.go:473.2,473.13 1 1
github.com/npeprah/sparui/backend/service/game-server/controller/room/room_manager.go:477.73,478.20 1 1
github.com/npeprah/sparui/backend/service/game-server/controller/room/room_manager.go:478.20,480.3 1 0
github.com/npeprah/sparui/backend/service/game-server/controller/room/room_manager.go:482.2,486.13 4 1
github.com/npeprah/sparui/backend/service/game-server/controller/room/room_manager.go:486.13,488.3 1 0
github.com/npeprah/sparui/backend/service/game-server/controller/room/room_manager.go:491.2,491.44 1 1
github.com/npeprah/sparui/backend/service/game-server/controller/room/room_manager.go:491.44,493.3 1 1
github.com/npeprah/sparui/backend/service/game-server/controller/room/room_manager.go:495.2,495.36 1 1
github.com/npeprah/sparui/backend/service/game-server/controller/room/room_manager.go:495.36,497.3 1 1
github.com/npeprah/sparui/backend/service/game-server/controller/room/room_manager.go:499.2,499.36 1 1
github.com/npeprah/sparui/backend/service/game-server/controller/room/room_manager.go:499.36,501.3 1 1
github.com/npeprah/sparui/backend/service/game-server/controller/room/room_manager.go:504.2,510.25 5 1
github.com/npeprah/sparui/backend/service/game-server/controller/room/room_manager.go:510.25,511.56 1 0
github.com/npeprah/sparui/backend/service/game-server/controller/room/room_manager.go:511.56,513.4 1 0
github.com/npeprah/sparui/backend/service/game-server/controller/room/room_manager.go:516.2,520.12 2 1
github.com/npeprah/sparui/backend/service/game-server/controller/room/room_manager.go:524.59,528.31 3 1
github.com/npeprah/sparui/backend/service/game-server/controller/room/room_manager.go:528.31,529.31 1 1
github.com/npeprah/sparui/backend/service/game-server/controller/room/room_manager.go:529.31,531.4 1 1
github.com/npeprah/sparui/backend/service/game-server/controller/room/room_manager.go:534.2,534.14 1 1
github.com/npeprah/sparui/backend/service/game-server/controller/room/room_manager.go:538.66,542.31 3 1
github.com/npeprah/sparui/backend/service/game-server/controller/room/room_manager.go:542.31,543.31 1 1
github.com/npeprah/sparui/backend/service/game-server/controller/room/room_manager.go:543.31,545.4 1 1
github.com/npeprah/sparui/backend/service/game-server/controller/room/room_manager.go:548.2,548.49 1 1
